2022-10-26 13:43:57.850 [ Test worker ] - [ INFO  ] [ com.xx.nodb.SensitiveWordTest : ? ] - Starting SensitiveWordTest using Java 1.8.0_333 on admin with PID 1800 (started by 28963 in E:\personal\code\xx-xw\xw-service)
2022-10-26 13:43:57.851 [ Test worker ] - [ INFO  ] [ com.xx.nodb.SensitiveWordTest : ? ] - No active profile set, falling back to 1 default profile: "default"
2022-10-26 13:43:59.884 [ Test worker ] - [ INFO  ] [ com.xx.nodb.SensitiveWordTest : ? ] - Started SensitiveWordTest in 2.326 seconds (JVM running for 3.793)
2022-10-26 13:44:00.191 [ Test worker ] - [ INFO  ] [ com.xx.nodb.SensitiveWordTest : ? ] - 所有敏感词：[]
2022-10-26 13:44:41.544 [ Test worker ] - [ INFO  ] [ com.xx.nodb.SensitiveWordTest : ? ] - Starting SensitiveWordTest using Java 1.8.0_333 on admin with PID 2884 (started by 28963 in E:\personal\code\xx-xw\xw-service)
2022-10-26 13:44:41.546 [ Test worker ] - [ INFO  ] [ com.xx.nodb.SensitiveWordTest : ? ] - No active profile set, falling back to 1 default profile: "default"
2022-10-26 13:44:43.181 [ Test worker ] - [ INFO  ] [ com.xx.nodb.SensitiveWordTest : ? ] - Started SensitiveWordTest in 1.919 seconds (JVM running for 3.085)
2022-10-26 13:44:43.376 [ Test worker ] - [ INFO  ] [ com.xx.nodb.SensitiveWordTest : ? ] - 所有敏感词：[]
2022-10-26 13:45:29.988 [ Test worker ] - [ INFO  ] [ com.xx.nodb.SensitiveWordTest : ? ] - Starting SensitiveWordTest using Java 1.8.0_333 on admin with PID 17756 (started by 28963 in E:\personal\code\xx-xw\xw-service)
2022-10-26 13:45:29.989 [ Test worker ] - [ INFO  ] [ com.xx.nodb.SensitiveWordTest : ? ] - No active profile set, falling back to 1 default profile: "default"
2022-10-26 13:45:31.704 [ Test worker ] - [ INFO  ] [ com.xx.nodb.SensitiveWordTest : ? ] - Started SensitiveWordTest in 1.966 seconds (JVM running for 3.026)
2022-10-26 13:45:31.879 [ Test worker ] - [ INFO  ] [ com.xx.nodb.SensitiveWordTest : ? ] - 所有敏感词：[被迫, 干死]
2022-10-26 13:46:00.676 [ Test worker ] - [ INFO  ] [ com.xx.nodb.SensitiveWordTest : ? ] - Starting SensitiveWordTest using Java 1.8.0_333 on admin with PID 16156 (started by 28963 in E:\personal\code\xx-xw\xw-service)
2022-10-26 13:46:00.678 [ Test worker ] - [ INFO  ] [ com.xx.nodb.SensitiveWordTest : ? ] - No active profile set, falling back to 1 default profile: "default"
2022-10-26 13:46:02.315 [ Test worker ] - [ INFO  ] [ com.xx.nodb.SensitiveWordTest : ? ] - Started SensitiveWordTest in 1.926 seconds (JVM running for 3.1)
2022-10-26 13:46:02.515 [ Test worker ] - [ INFO  ] [ com.xx.nodb.SensitiveWordTest : ? ] - 所有敏感词：[被迫]
2022-10-26 13:47:00.276 [ Test worker ] - [ INFO  ] [ com.xx.nodb.SensitiveWordTest : ? ] - Starting SensitiveWordTest using Java 1.8.0_333 on admin with PID 2236 (started by 28963 in E:\personal\code\xx-xw\xw-service)
2022-10-26 13:47:00.277 [ Test worker ] - [ INFO  ] [ com.xx.nodb.SensitiveWordTest : ? ] - No active profile set, falling back to 1 default profile: "default"
2022-10-26 13:47:01.896 [ Test worker ] - [ INFO  ] [ com.xx.nodb.SensitiveWordTest : ? ] - Started SensitiveWordTest in 1.911 seconds (JVM running for 3.104)
2022-10-26 13:47:02.084 [ Test worker ] - [ INFO  ] [ com.xx.nodb.SensitiveWordTest : ? ] - 所有敏感词：[被迫]
2022-10-26 13:47:38.972 [ Test worker ] - [ INFO  ] [ com.xx.nodb.SensitiveWordTest : ? ] - Starting SensitiveWordTest using Java 1.8.0_333 on admin with PID 16552 (started by 28963 in E:\personal\code\xx-xw\xw-service)
2022-10-26 13:47:38.973 [ Test worker ] - [ INFO  ] [ com.xx.nodb.SensitiveWordTest : ? ] - No active profile set, falling back to 1 default profile: "default"
2022-10-26 13:48:43.512 [ Test worker ] - [ INFO  ] [ com.xx.nodb.SensitiveWordTest : ? ] - Starting SensitiveWordTest using Java 1.8.0_333 on admin with PID 14600 (started by 28963 in E:\personal\code\xx-xw\xw-service)
2022-10-26 13:48:43.513 [ Test worker ] - [ INFO  ] [ com.xx.nodb.SensitiveWordTest : ? ] - No active profile set, falling back to 1 default profile: "default"
2022-10-26 13:50:17.771 [ Test worker ] - [ INFO  ] [ com.xx.nodb.SensitiveWordTest : ? ] - Starting SensitiveWordTest using Java 1.8.0_333 on admin with PID 2192 (started by 28963 in E:\personal\code\xx-xw\xw-service)
2022-10-26 13:50:17.773 [ Test worker ] - [ INFO  ] [ com.xx.nodb.SensitiveWordTest : ? ] - No active profile set, falling back to 1 default profile: "default"
2022-10-26 13:50:23.633 [ Test worker ] - [ INFO  ] [ com.xx.nodb.SensitiveWordTest : ? ] - Started SensitiveWordTest in 6.162 seconds (JVM running for 7.407)
2022-10-26 13:50:23.837 [ Test worker ] - [ INFO  ] [ com.xx.nodb.SensitiveWordTest : ? ] - 所有敏感词：[被迫]
2022-10-26 13:50:46.605 [ Test worker ] - [ INFO  ] [ com.xx.nodb.SensitiveWordTest : ? ] - Starting SensitiveWordTest using Java 1.8.0_333 on admin with PID 19864 (started by 28963 in E:\personal\code\xx-xw\xw-service)
2022-10-26 13:50:46.606 [ Test worker ] - [ INFO  ] [ com.xx.nodb.SensitiveWordTest : ? ] - No active profile set, falling back to 1 default profile: "default"
2022-10-26 13:50:48.212 [ Test worker ] - [ INFO  ] [ com.xx.nodb.SensitiveWordTest : ? ] - Started SensitiveWordTest in 1.895 seconds (JVM running for 3.09)
2022-10-26 13:50:48.401 [ Test worker ] - [ INFO  ] [ com.xx.nodb.SensitiveWordTest : ? ] - 所有敏感词：[吧]
2022-10-26 13:51:00.737 [ Test worker ] - [ INFO  ] [ com.xx.nodb.SensitiveWordTest : ? ] - Starting SensitiveWordTest using Java 1.8.0_333 on admin with PID 23036 (started by 28963 in E:\personal\code\xx-xw\xw-service)
2022-10-26 13:51:00.738 [ Test worker ] - [ INFO  ] [ com.xx.nodb.SensitiveWordTest : ? ] - No active profile set, falling back to 1 default profile: "default"
2022-10-26 13:51:02.358 [ Test worker ] - [ INFO  ] [ com.xx.nodb.SensitiveWordTest : ? ] - Started SensitiveWordTest in 1.907 seconds (JVM running for 3.071)
2022-10-26 13:51:02.544 [ Test worker ] - [ INFO  ] [ com.xx.nodb.SensitiveWordTest : ? ] - 所有敏感词：[吧]
2022-10-26 13:55:33.062 [ Test worker ] - [ INFO  ] [ com.xx.nodb.SensitiveWordTest : ? ] - Starting SensitiveWordTest using Java 1.8.0_333 on admin with PID 12104 (started by 28963 in E:\personal\code\xx-xw\xw-service)
2022-10-26 13:55:33.065 [ Test worker ] - [ INFO  ] [ com.xx.nodb.SensitiveWordTest : ? ] - No active profile set, falling back to 1 default profile: "default"
2022-10-26 13:55:34.685 [ Test worker ] - [ INFO  ] [ com.xx.nodb.SensitiveWordTest : ? ] - Started SensitiveWordTest in 1.916 seconds (JVM running for 3.092)
2022-10-26 13:55:34.878 [ Test worker ] - [ INFO  ] [ com.xx.nodb.SensitiveWordTest : ? ] - 所有敏感词：[]
2022-10-26 14:22:02.516 [ Test worker ] - [ INFO  ] [ com.xx.nodb.SensitiveWordTest : ? ] - Starting SensitiveWordTest using Java 1.8.0_333 on admin with PID 13264 (started by 28963 in E:\personal\code\xx-xw\xw-service)
2022-10-26 14:22:02.517 [ Test worker ] - [ INFO  ] [ com.xx.nodb.SensitiveWordTest : ? ] - No active profile set, falling back to 1 default profile: "default"
2022-10-26 14:22:04.147 [ Test worker ] - [ INFO  ] [ com.xx.nodb.SensitiveWordTest : ? ] - Started SensitiveWordTest in 1.918 seconds (JVM running for 3.366)
2022-10-26 14:22:04.340 [ Test worker ] - [ INFO  ] [ com.xx.nodb.SensitiveWordTest : ? ] - 所有敏感词：[]
2022-10-26 14:22:25.965 [ Test worker ] - [ INFO  ] [ com.xx.nodb.SensitiveWordTest : ? ] - Starting SensitiveWordTest using Java 1.8.0_333 on admin with PID 4052 (started by 28963 in E:\personal\code\xx-xw\xw-service)
2022-10-26 14:22:25.966 [ Test worker ] - [ INFO  ] [ com.xx.nodb.SensitiveWordTest : ? ] - No active profile set, falling back to 1 default profile: "default"
2022-10-26 14:22:27.646 [ Test worker ] - [ INFO  ] [ com.xx.nodb.SensitiveWordTest : ? ] - Started SensitiveWordTest in 1.972 seconds (JVM running for 3.171)
2022-10-26 14:22:27.864 [ Test worker ] - [ INFO  ] [ com.xx.nodb.SensitiveWordTest : ? ] - 所有敏感词：[吧, 吧, 吧, 吧, 吧, 吧, 吧]
2022-10-26 14:23:06.912 [ Test worker ] - [ INFO  ] [ com.xx.nodb.SensitiveWordTest : ? ] - Starting SensitiveWordTest using Java 1.8.0_333 on admin with PID 10524 (started by 28963 in E:\personal\code\xx-xw\xw-service)
2022-10-26 14:23:06.913 [ Test worker ] - [ INFO  ] [ com.xx.nodb.SensitiveWordTest : ? ] - No active profile set, falling back to 1 default profile: "default"
2022-10-26 14:23:08.527 [ Test worker ] - [ INFO  ] [ com.xx.nodb.SensitiveWordTest : ? ] - Started SensitiveWordTest in 1.9 seconds (JVM running for 3.099)
2022-10-26 14:23:08.717 [ Test worker ] - [ INFO  ] [ com.xx.nodb.SensitiveWordTest : ? ] - 所有敏感词：[吧吧吧吧吧吧吧]
2022-10-26 14:23:35.151 [ Test worker ] - [ INFO  ] [ com.xx.nodb.SensitiveWordTest : ? ] - Starting SensitiveWordTest using Java 1.8.0_333 on admin with PID 10316 (started by 28963 in E:\personal\code\xx-xw\xw-service)
2022-10-26 14:23:35.153 [ Test worker ] - [ INFO  ] [ com.xx.nodb.SensitiveWordTest : ? ] - No active profile set, falling back to 1 default profile: "default"
2022-10-26 14:23:36.738 [ Test worker ] - [ INFO  ] [ com.xx.nodb.SensitiveWordTest : ? ] - Started SensitiveWordTest in 1.873 seconds (JVM running for 3.059)
2022-10-26 14:23:36.943 [ Test worker ] - [ INFO  ] [ com.xx.nodb.SensitiveWordTest : ? ] - 所有敏感词：[吧, 拉吧]
2022-10-26 14:23:54.901 [ Test worker ] - [ INFO  ] [ com.xx.nodb.SensitiveWordTest : ? ] - Starting SensitiveWordTest using Java 1.8.0_333 on admin with PID 6488 (started by 28963 in E:\personal\code\xx-xw\xw-service)
2022-10-26 14:23:54.903 [ Test worker ] - [ INFO  ] [ com.xx.nodb.SensitiveWordTest : ? ] - No active profile set, falling back to 1 default profile: "default"
2022-10-26 14:23:56.585 [ Test worker ] - [ INFO  ] [ com.xx.nodb.SensitiveWordTest : ? ] - Started SensitiveWordTest in 1.97 seconds (JVM running for 3.142)
2022-10-26 14:23:56.777 [ Test worker ] - [ INFO  ] [ com.xx.nodb.SensitiveWordTest : ? ] - 所有敏感词：[吧, 啦吧]
